<?xml version="1.0" encoding="UTF-8"?>
<!-- Generated by org.testng.reporters.JUnitXMLReporter -->
<testsuite ignored="0" hostname="LAPTOP-UU4U0ELH" failures="0" tests="3" name="Personal Loan" time="0.043" errors="0" timestamp="2022-05-05T23:01:37 IST">
  <testcase classname="Rahul_Udemy.Test1" name="Demo" time="0.008"/>
  <testcase classname="Rahul_Udemy.Test1" name="SecoundTest" time="0.001"/>
  <testcase classname="Rahul_Udemy.Test2" name="ploan" time="0.001"/>
</testsuite> <!-- Personal Loan -->
