<?xml version="1.0" encoding="UTF-8"?>
<!-- Generated by org.testng.reporters.JUnitXMLReporter -->
<testsuite ignored="0" hostname="LAPTOP-UU4U0ELH" failures="0" tests="3" name="Car Loan" time="0.008" errors="0" timestamp="2022-05-05T23:41:44 IST">
  <testcase classname="Rahul_Udemy.Test3" name="LoginAPIHomeLoan" time="0.001"/>
  <testcase classname="Rahul_Udemy.Test3" name="MobileLoginHomeloan" time="0.002"/>
  <testcase classname="Rahul_Udemy.Test3" name="WebloginHomeloan" time="0.0"/>
</testsuite> <!-- Car Loan -->
