<?xml version="1.0" encoding="UTF-8"?>
<!-- Generated by org.testng.reporters.JUnitXMLReporter -->
<testsuite ignored="0" hostname="LAPTOP-UU4U0ELH" failures="0" tests="10" name="Personal Loan" time="0.06" errors="0" timestamp="2022-05-05T23:52:25 IST">
  <testcase classname="Rahul_Udemy.Test1" name="Demo" time="0.006"/>
  <testcase classname="Rahul_Udemy.Test1" name="SecoundTest" time="0.001"/>
  <testcase classname="Rahul_Udemy.Test2" name="ploan" time="0.001"/>
  <testcase classname="Rahul_Udemy.Test3" name="LoginAPIHomeLoan" time="0.001"/>
  <testcase classname="Rahul_Udemy.Test3" name="MobileLoginHomeloan" time="0.001"/>
  <testcase classname="Rahul_Udemy.Test3" name="WebloginHomeloan" time="0.001"/>
  <testcase classname="Rahul_Udemy.Test4" name="MobilesignincarLoan" time="0.001"/>
  <testcase classname="Rahul_Udemy.Test4" name="WebLoginlogin" time="0.001"/>
  <testcase classname="Rahul_Udemy.Test5" name="MobileLoginhomeLoan" time="0.001"/>
  <testcase classname="Rahul_Udemy.Test5" name="WebHomelogin" time="0.001"/>
</testsuite> <!-- Personal Loan -->
