<?xml version="1.0" encoding="UTF-8"?>
<testng-results ignored="0" total="1" passed="1" failed="0" skipped="0">
  <reporter-output>
  </reporter-output>
  <suite started-at="2022-05-15T02:05:36 IST" name="Default suite" finished-at="2022-05-15T02:06:25 IST" duration-ms="48759">
    <groups>
    </groups>
    <test started-at="2022-05-15T02:05:36 IST" name="Default test" finished-at="2022-05-15T02:06:25 IST" duration-ms="48759">
      <class name="Comw2aPackage.Comtc_25vtiger">
        <test-method is-config="true" signature="openBrowser()[pri:0, instance:Comw2aPackage.Comtc_25vtiger@5b7a7f33]" started-at="2022-05-15T02:05:36 IST" name="openBrowser" finished-at="2022-05-15T02:05:40 IST" duration-ms="4093" status="PASS">
          <reporter-output>
          </reporter-output>
        </test-method> <!-- openBrowser -->
        <test-method is-config="true" signature="login()[pri:0, instance:Comw2aPackage.Comtc_25vtiger@5b7a7f33]" started-at="2022-05-15T02:05:40 IST" name="login" finished-at="2022-05-15T02:05:45 IST" duration-ms="5085" status="PASS">
          <reporter-output>
          </reporter-output>
        </test-method> <!-- login -->
        <test-method signature="Createcontact_org()[pri:0, instance:Comw2aPackage.Comtc_25vtiger@5b7a7f33]" started-at="2022-05-15T02:05:45 IST" name="Createcontact_org" finished-at="2022-05-15T02:06:20 IST" duration-ms="35095" status="PASS">
          <reporter-output>
          </reporter-output>
        </test-method> <!-- Createcontact_org -->
        <test-method is-config="true" signature="logout()[pri:0, instance:Comw2aPackage.Comtc_25vtiger@5b7a7f33]" started-at="2022-05-15T02:06:20 IST" name="logout" finished-at="2022-05-15T02:06:25 IST" duration-ms="4453" status="PASS">
          <reporter-output>
          </reporter-output>
        </test-method> <!-- logout -->
      </class> <!-- Comw2aPackage.Comtc_25vtiger -->
    </test> <!-- Default test -->
  </suite> <!-- Default suite -->
</testng-results>
