<?xml version="1.0" encoding="UTF-8"?>
<testng-results ignored="0" total="1" passed="1" failed="0" skipped="0">
  <reporter-output>
  </reporter-output>
  <suite started-at="2022-05-06T10:27:19 IST" name="Default suite" finished-at="2022-05-06T10:27:25 IST" duration-ms="5794">
    <groups>
    </groups>
    <test started-at="2022-05-06T10:27:19 IST" name="Default test" finished-at="2022-05-06T10:27:25 IST" duration-ms="5794">
      <class name="Com.vtiger.Test.Facbook_Test">
        <test-method signature="Facebook()[pri:0, instance:Com.vtiger.Test.Facbook_Test@306e95ec]" started-at="2022-05-06T10:27:19 IST" name="Facebook" finished-at="2022-05-06T10:27:25 IST" duration-ms="5760" status="PASS">
          <reporter-output>
          </reporter-output>
        </test-method> <!-- Facebook -->
      </class> <!-- Com.vtiger.Test.Facbook_Test -->
    </test> <!-- Default test -->
  </suite> <!-- Default suite -->
</testng-results>
